2020-12-14 00:08:29 project0 [INFO] Bank App started
2020-12-14 00:08:53 project0 [INFO] Bank App started
2020-12-14 00:09:32 project0 [INFO] Bank App started
2020-12-14 00:18:48 project0 [INFO] Bank App started
2020-12-14 00:19:36 project0 [INFO] Bank App started
2020-12-14 00:32:16 project0 [INFO] Bank App started
2020-12-14 00:33:01 project0 [INFO] Bank App started
2020-12-14 00:45:20 project0 [INFO] Bank App started
2020-12-14 00:56:18 project0 [INFO] Bank App started
2020-12-14 01:10:36 project0 [INFO] Bank App started
2020-12-14 01:31:36 project0 [INFO] Bank App started
2020-12-14 01:33:23 project0 [INFO] Bank App started
2020-12-14 01:33:54 project0 [INFO] Bank App started
2020-12-14 01:34:21 project0 [INFO] Bank App started
2020-12-14 01:45:17 project0 [INFO] Bank App started
2020-12-14 01:45:41 project0 [INFO] Bank App started
2020-12-14 01:47:20 project0 [INFO] Bank App started
2020-12-14 01:56:55 project0 [INFO] Bank App started
2020-12-14 02:01:01 project0 [INFO] Bank App started
2020-12-14 02:01:23 project0 [INFO] Bank App started
2020-12-14 02:03:30 project0 [INFO] Bank App started
2020-12-14 02:07:54 project0 [INFO] Bank App started
2020-12-14 02:26:45 project0 [INFO] Bank App started
2020-12-14 10:06:56 project0 [INFO] Bank App started
2020-12-14 14:19:17 project0 [INFO] Bank App started
2020-12-14 14:19:34 project0 [INFO] Account testing created for 1
2020-12-14 14:22:22 project0 [INFO] Bank App started
2020-12-14 14:22:46 project0 [INFO] Account testingaccount created for 1
2020-12-14 14:24:44 project0 [INFO] Bank App started
2020-12-14 14:24:53 project0 [INFO] Account testing created for 1
2020-12-14 14:26:36 project0 [INFO] Bank App started
2020-12-14 14:26:44 project0 [INFO] Account test created for 1
2020-12-14 14:27:11 project0 [INFO] Bank App started
2020-12-14 14:27:22 project0 [INFO] Customer login created for Test Testing
2020-12-14 14:41:47 project0 [INFO] Bank App started
2020-12-14 14:42:16 project0 [INFO] Bank App started
2020-12-14 14:43:43 project0 [INFO] Bank App started
2020-12-14 14:53:55 project0 [INFO] Bank App started
2020-12-14 14:57:11 project0 [INFO] Bank App started
2020-12-14 14:59:02 project0 [INFO] Bank App started
2020-12-14 15:00:53 project0 [INFO] Bank App started
2020-12-14 15:16:55 project0 [INFO] Bank App started
2020-12-14 15:17:04 project0 [INFO] Account test created for 2
2020-12-14 15:32:31 project0 [INFO] Bank App started
2020-12-14 15:37:30 project0 [INFO] Bank App started
2020-12-14 15:51:08 project0 [INFO] Bank App started
2020-12-14 15:51:32 project0 [INFO] Bank App started
2020-12-14 15:51:45 project0 [INFO] $200.0 deposited into account testing for customer 1
2020-12-14 16:00:21 project0 [INFO] Bank App started
2020-12-14 16:00:32 project0 [INFO] $200.0 deposited into account testing for customer 1
2020-12-14 16:00:45 project0 [INFO] $50.0 deposited into account testing2 for customer 1
